# JRE version: OpenJDK Runtime Environment (8.0_152-b02) (build 1.8.0_152-release-1024-b02)
# Java VM: OpenJDK 64-Bit Server VM (25.152-b02 mixed mode windows-amd64 compressed oops)
Heap:
 PSYoungGen      total 125952K, used 1957K [0x00000000e0000000, 0x00000000e9300000, 0x0000000100000000)
  eden space 115712K, 1% used [0x00000000e0000000,0x00000000e01e9408,0x00000000e7100000)
  from space 10240K, 0% used [0x00000000e7f00000,0x00000000e7f00000,0x00000000e8900000)
  to   space 7680K, 0% used [0x00000000e8b80000,0x00000000e8b80000,0x00000000e9300000)
 ParOldGen       total 53248K, used 19469K [0x00000000a0000000, 0x00000000a3400000, 0x00000000e0000000)
  object space 53248K, 36% used [0x00000000a0000000,0x00000000a1303690,0x00000000a3400000)
 Metaspace       used 34993K, capacity 35516K, committed 35672K, reserved 1079296K
  class space    used 4819K, capacity 5036K, committed 5120K, reserved 1048576K
GC Heap History (10 events):
Event: 10.587 GC heap before
{Heap before GC invocations=5 (full 0):
 PSYoungGen      total 71680K, used 18060K [0x00000000e0000000, 0x00000000e4b00000, 0x0000000100000000)
  eden space 66560K, 19% used [0x00000000e0000000,0x00000000e0cab248,0x00000000e4100000)
  from space 5120K, 99% used [0x00000000e4600000,0x00000000e4af8040,0x00000000e4b00000)
  to   space 5120K, 0% used [0x00000000e4100000,0x00000000e4100000,0x00000000e4600000)
 ParOldGen       total 87552K, used 5753K [0x00000000a0000000, 0x00000000a5580000, 0x00000000e0000000)
  object space 87552K, 6% used [0x00000000a0000000,0x00000000a059e5b0,0x00000000a5580000)
 Metaspace       used 20821K, capacity 21200K, committed 21248K, reserved 1067008K
  class space    used 2903K, capacity 3038K, committed 3072K, reserved 1048576K
Event: 10.731 GC heap after
Heap after GC invocations=5 (full 0):
 PSYoungGen      total 71680K, used 5092K [0x00000000e0000000, 0x00000000e9500000, 0x0000000100000000)
  eden space 66560K, 0% used [0x00000000e0000000,0x00000000e0000000,0x00000000e4100000)
  from space 5120K, 99% used [0x00000000e4100000,0x00000000e45f9050,0x00000000e4600000)
  to   space 9728K, 0% used [0x00000000e8b80000,0x00000000e8b80000,0x00000000e9500000)
 ParOldGen       total 87552K, used 8138K [0x00000000a0000000, 0x00000000a5580000, 0x00000000e0000000)
  object space 87552K, 9% used [0x00000000a0000000,0x00000000a07f2a08,0x00000000a5580000)
 Metaspace       used 20821K, capacity 21200K, committed 21248K, reserved 1067008K
  class space    used 2903K, capacity 3038K, committed 3072K, reserved 1048576K
}
Event: 10.731 GC heap before
{Heap before GC invocations=6 (full 1):
 PSYoungGen      total 71680K, used 5092K [0x00000000e0000000, 0x00000000e9500000, 0x0000000100000000)
  eden space 66560K, 0% used [0x00000000e0000000,0x00000000e0000000,0x00000000e4100000)
  from space 5120K, 99% used [0x00000000e4100000,0x00000000e45f9050,0x00000000e4600000)
  to   space 9728K, 0% used [0x00000000e8b80000,0x00000000e8b80000,0x00000000e9500000)
 ParOldGen       total 87552K, used 8138K [0x00000000a0000000, 0x00000000a5580000, 0x00000000e0000000)
  object space 87552K, 9% used [0x00000000a0000000,0x00000000a07f2a08,0x00000000a5580000)
 Metaspace       used 20821K, capacity 21200K, committed 21248K, reserved 1067008K
  class space    used 2903K, capacity 3038K, committed 3072K, reserved 1048576K
Event: 10.945 GC heap after
Heap after GC invocations=6 (full 1):
 PSYoungGen      total 71680K, used 0K [0x00000000e0000000, 0x00000000e9500000, 0x0000000100000000)
  eden space 66560K, 0% used [0x00000000e0000000,0x00000000e0000000,0x00000000e4100000)
  from space 5120K, 0% used [0x00000000e4100000,0x00000000e4100000,0x00000000e4600000)
  to   space 9728K, 0% used [0x00000000e8b80000,0x00000000e8b80000,0x00000000e9500000)
 ParOldGen       total 53248K, used 7829K [0x00000000a0000000, 0x00000000a3400000, 0x00000000e0000000)
  object space 53248K, 14% used [0x00000000a0000000,0x00000000a07a5420,0x00000000a3400000)
 Metaspace       used 20821K, capacity 21200K, committed 21248K, reserved 1067008K
  class space    used 2903K, capacity 3038K, committed 3072K, reserved 1048576K
}
Event: 14.465 GC heap before
{Heap before GC invocations=7 (full 1):
 PSYoungGen      total 71680K, used 66560K [0x00000000e0000000, 0x00000000e9500000, 0x0000000100000000)
  eden space 66560K, 100% used [0x00000000e0000000,0x00000000e4100000,0x00000000e4100000)
  from space 5120K, 0% used [0x00000000e4100000,0x00000000e4100000,0x00000000e4600000)
  to   space 9728K, 0% used [0x00000000e8b80000,0x00000000e8b80000,0x00000000e9500000)
 ParOldGen       total 53248K, used 7829K [0x00000000a0000000, 0x00000000a3400000, 0x00000000e0000000)
  object space 53248K, 14% used [0x00000000a0000000,0x00000000a07a5420,0x00000000a3400000)
 Metaspace       used 26584K, capacity 27098K, committed 27392K, reserved 1073152K
  class space    used 3642K, capacity 3799K, committed 3840K, reserved 1048576K
Event: 14.516 GC heap after
Heap after GC invocations=7 (full 1):
 PSYoungGen      total 123392K, used 7609K [0x00000000e0000000, 0x00000000e9300000, 0x0000000100000000)
  eden space 115712K, 0% used [0x00000000e0000000,0x00000000e0000000,0x00000000e7100000)
  from space 7680K, 99% used [0x00000000e8b80000,0x00000000e92ee428,0x00000000e9300000)
  to   space 10240K, 0% used [0x00000000e7f00000,0x00000000e7f00000,0x00000000e8900000)
 ParOldGen       total 53248K, used 7837K [0x00000000a0000000, 0x00000000a3400000, 0x00000000e0000000)
  object space 53248K, 14% used [0x00000000a0000000,0x00000000a07a7420,0x00000000a3400000)
 Metaspace       used 26584K, capacity 27098K, committed 27392K, reserved 1073152K
  class space    used 3642K, capacity 3799K, committed 3840K, reserved 1048576K
}
Event: 31.308 GC heap before
{Heap before GC invocations=8 (full 1):
 PSYoungGen      total 123392K, used 100607K [0x00000000e0000000, 0x00000000e9300000, 0x0000000100000000)
  eden space 115712K, 80% used [0x00000000e0000000,0x00000000e5ad1a30,0x00000000e7100000)
  from space 7680K, 99% used [0x00000000e8b80000,0x00000000e92ee428,0x00000000e9300000)
  to   space 10240K, 0% used [0x00000000e7f00000,0x00000000e7f00000,0x00000000e8900000)
 ParOldGen       total 53248K, used 7837K [0x00000000a0000000, 0x00000000a3400000, 0x00000000e0000000)
  object space 53248K, 14% used [0x00000000a0000000,0x00000000a07a7420,0x00000000a3400000)
 Metaspace       used 34783K, capacity 35324K, committed 35416K, reserved 1079296K
  class space    used 4800K, capacity 5036K, committed 5120K, reserved 1048576K
Event: 31.336 GC heap after
Heap after GC invocations=8 (full 1):
 PSYoungGen      total 125952K, used 10210K [0x00000000e0000000, 0x00000000e9300000, 0x0000000100000000)
  eden space 115712K, 0% used [0x00000000e0000000,0x00000000e0000000,0x00000000e7100000)
  from space 10240K, 99% used [0x00000000e7f00000,0x00000000e88f8948,0x00000000e8900000)
  to   space 7680K, 0% used [0x00000000e8b80000,0x00000000e8b80000,0x00000000e9300000)
 ParOldGen       total 53248K, used 10870K [0x00000000a0000000, 0x00000000a3400000, 0x00000000e0000000)
  object space 53248K, 20% used [0x00000000a0000000,0x00000000a0a9d8d0,0x00000000a3400000)
 Metaspace       used 34783K, capacity 35324K, committed 35416K, reserved 1079296K
  class space    used 4800K, capacity 5036K, committed 5120K, reserved 1048576K
}
Event: 31.336 GC heap before
{Heap before GC invocations=9 (full 2):
 PSYoungGen      total 125952K, used 10210K [0x00000000e0000000, 0x00000000e9300000, 0x0000000100000000)
  eden space 115712K, 0% used [0x00000000e0000000,0x00000000e0000000,0x00000000e7100000)
  from space 10240K, 99% used [0x00000000e7f00000,0x00000000e88f8948,0x00000000e8900000)
  to   space 7680K, 0% used [0x00000000e8b80000,0x00000000e8b80000,0x00000000e9300000)
 ParOldGen       total 53248K, used 10870K [0x00000000a0000000, 0x00000000a3400000, 0x00000000e0000000)
  object space 53248K, 20% used [0x00000000a0000000,0x00000000a0a9d8d0,0x00000000a3400000)
 Metaspace       used 34783K, capacity 35324K, committed 35416K, reserved 1079296K
  class space    used 4800K, capacity 5036K, committed 5120K, reserved 1048576K
Event: 31.632 GC heap after
Heap after GC invocations=9 (full 2):
 PSYoungGen      total 125952K, used 0K [0x00000000e0000000, 0x00000000e9300000, 0x0000000100000000)
  eden space 115712K, 0% used [0x00000000e0000000,0x00000000e0000000,0x00000000e7100000)
  from space 10240K, 0% used [0x00000000e7f00000,0x00000000e7f00000,0x00000000e8900000)
  to   space 7680K, 0% used [0x00000000e8b80000,0x00000000e8b80000,0x00000000e9300000)
 ParOldGen       total 53248K, used 19469K [0x00000000a0000000, 0x00000000a3400000, 0x00000000e0000000)
  object space 53248K, 36% used [0x00000000a0000000,0x00000000a1303690,0x00000000a3400000)
 Metaspace       used 34783K, capacity 35324K, committed 35416K, reserved 1079296K
  class space    used 4800K, capacity 5036K, committed 5120K, reserved 1048576K
}

