# JRE version: OpenJDK Runtime Environment (8.0_152-b02) (build 1.8.0_152-release-1024-b02)
# Java VM: OpenJDK 64-Bit Server VM (25.152-b02 mixed mode windows-amd64 compressed oops)
Heap:
 PSYoungGen      total 387072K, used 303515K [0x00000000e0000000, 0x0000000100000000, 0x0000000100000000)
  eden space 363520K, 83% used [0x00000000e0000000,0x00000000f2866c40,0x00000000f6300000)
  from space 23552K, 0% used [0x00000000f6300000,0x00000000f6300000,0x00000000f7a00000)
  to   space 25088K, 0% used [0x00000000fe780000,0x00000000fe780000,0x0000000100000000)
 ParOldGen       total 110080K, used 32363K [0x00000000a0000000, 0x00000000a6b80000, 0x00000000e0000000)
  object space 110080K, 29% used [0x00000000a0000000,0x00000000a1f9ace0,0x00000000a6b80000)
 Metaspace       used 64033K, capacity 65934K, committed 66008K, reserved 1105920K
  class space    used 8697K, capacity 9149K, committed 9216K, reserved 1048576K
GC Heap History (10 events):
Event: 10.215 GC heap before
{Heap before GC invocations=8 (full 2):
 PSYoungGen      total 244224K, used 8918K [0x00000000e0000000, 0x00000000eff80000, 0x0000000100000000)
  eden space 232960K, 0% used [0x00000000e0000000,0x00000000e0000000,0x00000000ee380000)
  from space 11264K, 79% used [0x00000000ef480000,0x00000000efd35820,0x00000000eff80000)
  to   space 14336K, 0% used [0x00000000ee380000,0x00000000ee380000,0x00000000ef180000)
 ParOldGen       total 54272K, used 16170K [0x00000000a0000000, 0x00000000a3500000, 0x00000000e0000000)
  object space 54272K, 29% used [0x00000000a0000000,0x00000000a0fca970,0x00000000a3500000)
 Metaspace       used 34673K, capacity 35260K, committed 35416K, reserved 1079296K
  class space    used 4788K, capacity 4972K, committed 4992K, reserved 1048576K
Event: 10.299 GC heap after
Heap after GC invocations=8 (full 2):
 PSYoungGen      total 244224K, used 0K [0x00000000e0000000, 0x00000000eff80000, 0x0000000100000000)
  eden space 232960K, 0% used [0x00000000e0000000,0x00000000e0000000,0x00000000ee380000)
  from space 11264K, 0% used [0x00000000ef480000,0x00000000ef480000,0x00000000eff80000)
  to   space 14336K, 0% used [0x00000000ee380000,0x00000000ee380000,0x00000000ef180000)
 ParOldGen       total 80896K, used 17576K [0x00000000a0000000, 0x00000000a4f00000, 0x00000000e0000000)
  object space 80896K, 21% used [0x00000000a0000000,0x00000000a112a270,0x00000000a4f00000)
 Metaspace       used 34673K, capacity 35260K, committed 35416K, reserved 1079296K
  class space    used 4788K, capacity 4972K, committed 4992K, reserved 1048576K
}
Event: 19.620 GC heap before
{Heap before GC invocations=9 (full 2):
 PSYoungGen      total 244224K, used 232960K [0x00000000e0000000, 0x00000000eff80000, 0x0000000100000000)
  eden space 232960K, 100% used [0x00000000e0000000,0x00000000ee380000,0x00000000ee380000)
  from space 11264K, 0% used [0x00000000ef480000,0x00000000ef480000,0x00000000eff80000)
  to   space 14336K, 0% used [0x00000000ee380000,0x00000000ee380000,0x00000000ef180000)
 ParOldGen       total 80896K, used 17576K [0x00000000a0000000, 0x00000000a4f00000, 0x00000000e0000000)
  object space 80896K, 21% used [0x00000000a0000000,0x00000000a112a270,0x00000000a4f00000)
 Metaspace       used 46973K, capacity 47836K, committed 48088K, reserved 1091584K
  class space    used 6347K, capacity 6613K, committed 6656K, reserved 1048576K
Event: 19.653 GC heap after
Heap after GC invocations=9 (full 2):
 PSYoungGen      total 247296K, used 14328K [0x00000000e0000000, 0x00000000f9100000, 0x0000000100000000)
  eden space 232960K, 0% used [0x00000000e0000000,0x00000000e0000000,0x00000000ee380000)
  from space 14336K, 99% used [0x00000000ee380000,0x00000000ef17e148,0x00000000ef180000)
  to   space 17920K, 0% used [0x00000000f7f80000,0x00000000f7f80000,0x00000000f9100000)
 ParOldGen       total 80896K, used 20837K [0x00000000a0000000, 0x00000000a4f00000, 0x00000000e0000000)
  object space 80896K, 25% used [0x00000000a0000000,0x00000000a14594f8,0x00000000a4f00000)
 Metaspace       used 46973K, capacity 47836K, committed 48088K, reserved 1091584K
  class space    used 6347K, capacity 6613K, committed 6656K, reserved 1048576K
}
Event: 38.493 GC heap before
{Heap before GC invocations=10 (full 2):
 PSYoungGen      total 247296K, used 247288K [0x00000000e0000000, 0x00000000f9100000, 0x0000000100000000)
  eden space 232960K, 100% used [0x00000000e0000000,0x00000000ee380000,0x00000000ee380000)
  from space 14336K, 99% used [0x00000000ee380000,0x00000000ef17e148,0x00000000ef180000)
  to   space 17920K, 0% used [0x00000000f7f80000,0x00000000f7f80000,0x00000000f9100000)
 ParOldGen       total 80896K, used 20837K [0x00000000a0000000, 0x00000000a4f00000, 0x00000000e0000000)
  object space 80896K, 25% used [0x00000000a0000000,0x00000000a14594f8,0x00000000a4f00000)
 Metaspace       used 56689K, capacity 58318K, committed 58584K, reserved 1099776K
  class space    used 7684K, capacity 8082K, committed 8192K, reserved 1048576K
Event: 38.587 GC heap after
Heap after GC invocations=10 (full 2):
 PSYoungGen      total 381440K, used 17901K [0x00000000e0000000, 0x00000000f9100000, 0x0000000100000000)
  eden space 363520K, 0% used [0x00000000e0000000,0x00000000e0000000,0x00000000f6300000)
  from space 17920K, 99% used [0x00000000f7f80000,0x00000000f90fb540,0x00000000f9100000)
  to   space 23552K, 0% used [0x00000000f6300000,0x00000000f6300000,0x00000000f7a00000)
 ParOldGen       total 80896K, used 27559K [0x00000000a0000000, 0x00000000a4f00000, 0x00000000e0000000)
  object space 80896K, 34% used [0x00000000a0000000,0x00000000a1ae9d80,0x00000000a4f00000)
 Metaspace       used 56689K, capacity 58318K, committed 58584K, reserved 1099776K
  class space    used 7684K, capacity 8082K, committed 8192K, reserved 1048576K
}
Event: 40.721 GC heap before
{Heap before GC invocations=11 (full 2):
 PSYoungGen      total 381440K, used 53592K [0x00000000e0000000, 0x00000000f9100000, 0x0000000100000000)
  eden space 363520K, 9% used [0x00000000e0000000,0x00000000e22daad0,0x00000000f6300000)
  from space 17920K, 99% used [0x00000000f7f80000,0x00000000f90fb540,0x00000000f9100000)
  to   space 23552K, 0% used [0x00000000f6300000,0x00000000f6300000,0x00000000f7a00000)
 ParOldGen       total 80896K, used 27559K [0x00000000a0000000, 0x00000000a4f00000, 0x00000000e0000000)
  object space 80896K, 34% used [0x00000000a0000000,0x00000000a1ae9d80,0x00000000a4f00000)
 Metaspace       used 57322K, capacity 58976K, committed 59028K, reserved 1099776K
  class space    used 7756K, capacity 8189K, committed 8192K, reserved 1048576K
Event: 40.782 GC heap after
Heap after GC invocations=11 (full 2):
 PSYoungGen      total 387072K, used 18950K [0x00000000e0000000, 0x0000000100000000, 0x0000000100000000)
  eden space 363520K, 0% used [0x00000000e0000000,0x00000000e0000000,0x00000000f6300000)
  from space 23552K, 80% used [0x00000000f6300000,0x00000000f7581a78,0x00000000f7a00000)
  to   space 25088K, 0% used [0x00000000fe780000,0x00000000fe780000,0x0000000100000000)
 ParOldGen       total 80896K, used 27567K [0x00000000a0000000, 0x00000000a4f00000, 0x00000000e0000000)
  object space 80896K, 34% used [0x00000000a0000000,0x00000000a1aebd80,0x00000000a4f00000)
 Metaspace       used 57322K, capacity 58976K, committed 59028K, reserved 1099776K
  class space    used 7756K, capacity 8189K, committed 8192K, reserved 1048576K
}
Event: 40.782 GC heap before
{Heap before GC invocations=12 (full 3):
 PSYoungGen      total 387072K, used 18950K [0x00000000e0000000, 0x0000000100000000, 0x0000000100000000)
  eden space 363520K, 0% used [0x00000000e0000000,0x00000000e0000000,0x00000000f6300000)
  from space 23552K, 80% used [0x00000000f6300000,0x00000000f7581a78,0x00000000f7a00000)
  to   space 25088K, 0% used [0x00000000fe780000,0x00000000fe780000,0x0000000100000000)
 ParOldGen       total 80896K, used 27567K [0x00000000a0000000, 0x00000000a4f00000, 0x00000000e0000000)
  object space 80896K, 34% used [0x00000000a0000000,0x00000000a1aebd80,0x00000000a4f00000)
 Metaspace       used 57322K, capacity 58976K, committed 59028K, reserved 1099776K
  class space    used 7756K, capacity 8189K, committed 8192K, reserved 1048576K
Event: 41.259 GC heap after
Heap after GC invocations=12 (full 3):
 PSYoungGen      total 387072K, used 0K [0x00000000e0000000, 0x0000000100000000, 0x0000000100000000)
  eden space 363520K, 0% used [0x00000000e0000000,0x00000000e0000000,0x00000000f6300000)
  from space 23552K, 0% used [0x00000000f6300000,0x00000000f6300000,0x00000000f7a00000)
  to   space 25088K, 0% used [0x00000000fe780000,0x00000000fe780000,0x0000000100000000)
 ParOldGen       total 110080K, used 32363K [0x00000000a0000000, 0x00000000a6b80000, 0x00000000e0000000)
  object space 110080K, 29% used [0x00000000a0000000,0x00000000a1f9ace0,0x00000000a6b80000)
 Metaspace       used 57322K, capacity 58976K, committed 59028K, reserved 1099776K
  class space    used 7756K, capacity 8189K, committed 8192K, reserved 1048576K
}

