# JRE version: OpenJDK Runtime Environment (8.0_152-b02) (build 1.8.0_152-release-1024-b02)
# Java VM: OpenJDK 64-Bit Server VM (25.152-b02 mixed mode windows-amd64 compressed oops)
Heap:
 PSYoungGen      total 90112K, used 75781K [0x00000000e0000000, 0x00000000e7400000, 0x0000000100000000)
  eden space 73216K, 80% used [0x00000000e0000000,0x00000000e3986ea0,0x00000000e4780000)
  from space 16896K, 99% used [0x00000000e5c00000,0x00000000e6c7a950,0x00000000e6c80000)
  to   space 20992K, 0% used [0x00000000e4780000,0x00000000e4780000,0x00000000e5c00000)
 ParOldGen       total 110080K, used 17456K [0x00000000a0000000, 0x00000000a6b80000, 0x00000000e0000000)
  object space 110080K, 15% used [0x00000000a0000000,0x00000000a110c030,0x00000000a6b80000)
 Metaspace       used 50522K, capacity 51339K, committed 51712K, reserved 1095680K
  class space    used 6203K, capacity 6397K, committed 6400K, reserved 1048576K
GC Heap History (10 events):
Event: 7.120 GC heap before
{Heap before GC invocations=7 (full 2):
 PSYoungGen      total 50688K, used 50682K [0x00000000e0000000, 0x00000000e4b00000, 0x0000000100000000)
  eden space 45568K, 100% used [0x00000000e0000000,0x00000000e2c80000,0x00000000e2c80000)
  from space 5120K, 99% used [0x00000000e4600000,0x00000000e4afeb90,0x00000000e4b00000)
  to   space 5120K, 0% used [0x00000000e4100000,0x00000000e4100000,0x00000000e4600000)
 ParOldGen       total 69120K, used 12483K [0x00000000a0000000, 0x00000000a4380000, 0x00000000e0000000)
  object space 69120K, 18% used [0x00000000a0000000,0x00000000a0c30c40,0x00000000a4380000)
 Metaspace       used 33281K, capacity 33708K, committed 34048K, reserved 1079296K
  class space    used 4226K, capacity 4348K, committed 4352K, reserved 1048576K
Event: 7.162 GC heap after
Heap after GC invocations=7 (full 2):
 PSYoungGen      total 71680K, used 5117K [0x00000000e0000000, 0x00000000e4b80000, 0x0000000100000000)
  eden space 66560K, 0% used [0x00000000e0000000,0x00000000e0000000,0x00000000e4100000)
  from space 5120K, 99% used [0x00000000e4100000,0x00000000e45ff508,0x00000000e4600000)
  to   space 5120K, 0% used [0x00000000e4680000,0x00000000e4680000,0x00000000e4b80000)
 ParOldGen       total 69120K, used 23809K [0x00000000a0000000, 0x00000000a4380000, 0x00000000e0000000)
  object space 69120K, 34% used [0x00000000a0000000,0x00000000a1740538,0x00000000a4380000)
 Metaspace       used 33281K, capacity 33708K, committed 34048K, reserved 1079296K
  class space    used 4226K, capacity 4348K, committed 4352K, reserved 1048576K
}
Event: 7.682 GC heap before
{Heap before GC invocations=8 (full 2):
 PSYoungGen      total 71680K, used 15655K [0x00000000e0000000, 0x00000000e4b80000, 0x0000000100000000)
  eden space 66560K, 15% used [0x00000000e0000000,0x00000000e0a4a988,0x00000000e4100000)
  from space 5120K, 99% used [0x00000000e4100000,0x00000000e45ff508,0x00000000e4600000)
  to   space 5120K, 0% used [0x00000000e4680000,0x00000000e4680000,0x00000000e4b80000)
 ParOldGen       total 69120K, used 23809K [0x00000000a0000000, 0x00000000a4380000, 0x00000000e0000000)
  object space 69120K, 34% used [0x00000000a0000000,0x00000000a1740538,0x00000000a4380000)
 Metaspace       used 34642K, capacity 35166K, committed 35496K, reserved 1081344K
  class space    used 4383K, capacity 4525K, committed 4608K, reserved 1048576K
Event: 7.702 GC heap after
Heap after GC invocations=8 (full 2):
 PSYoungGen      total 61440K, used 5117K [0x00000000e0000000, 0x00000000e8200000, 0x0000000100000000)
  eden space 56320K, 0% used [0x00000000e0000000,0x00000000e0000000,0x00000000e3700000)
  from space 5120K, 99% used [0x00000000e4680000,0x00000000e4b7f508,0x00000000e4b80000)
  to   space 15872K, 0% used [0x00000000e3700000,0x00000000e3700000,0x00000000e4680000)
 ParOldGen       total 69120K, used 25700K [0x00000000a0000000, 0x00000000a4380000, 0x00000000e0000000)
  object space 69120K, 37% used [0x00000000a0000000,0x00000000a1919278,0x00000000a4380000)
 Metaspace       used 34642K, capacity 35166K, committed 35496K, reserved 1081344K
  class space    used 4383K, capacity 4525K, committed 4608K, reserved 1048576K
}
Event: 7.702 GC heap before
{Heap before GC invocations=9 (full 3):
 PSYoungGen      total 61440K, used 5117K [0x00000000e0000000, 0x00000000e8200000, 0x0000000100000000)
  eden space 56320K, 0% used [0x00000000e0000000,0x00000000e0000000,0x00000000e3700000)
  from space 5120K, 99% used [0x00000000e4680000,0x00000000e4b7f508,0x00000000e4b80000)
  to   space 15872K, 0% used [0x00000000e3700000,0x00000000e3700000,0x00000000e4680000)
 ParOldGen       total 69120K, used 25700K [0x00000000a0000000, 0x00000000a4380000, 0x00000000e0000000)
  object space 69120K, 37% used [0x00000000a0000000,0x00000000a1919278,0x00000000a4380000)
 Metaspace       used 34642K, capacity 35166K, committed 35496K, reserved 1081344K
  class space    used 4383K, capacity 4525K, committed 4608K, reserved 1048576K
Event: 7.856 GC heap after
Heap after GC invocations=9 (full 3):
 PSYoungGen      total 61440K, used 0K [0x00000000e0000000, 0x00000000e8200000, 0x0000000100000000)
  eden space 56320K, 0% used [0x00000000e0000000,0x00000000e0000000,0x00000000e3700000)
  from space 5120K, 0% used [0x00000000e4680000,0x00000000e4680000,0x00000000e4b80000)
  to   space 15872K, 0% used [0x00000000e3700000,0x00000000e3700000,0x00000000e4680000)
 ParOldGen       total 110080K, used 14239K [0x00000000a0000000, 0x00000000a6b80000, 0x00000000e0000000)
  object space 110080K, 12% used [0x00000000a0000000,0x00000000a0de7e78,0x00000000a6b80000)
 Metaspace       used 34642K, capacity 35166K, committed 35496K, reserved 1081344K
  class space    used 4383K, capacity 4525K, committed 4608K, reserved 1048576K
}
Event: 10.015 GC heap before
{Heap before GC invocations=10 (full 3):
 PSYoungGen      total 61440K, used 56320K [0x00000000e0000000, 0x00000000e8200000, 0x0000000100000000)
  eden space 56320K, 100% used [0x00000000e0000000,0x00000000e3700000,0x00000000e3700000)
  from space 5120K, 0% used [0x00000000e4680000,0x00000000e4680000,0x00000000e4b80000)
  to   space 15872K, 0% used [0x00000000e3700000,0x00000000e3700000,0x00000000e4680000)
 ParOldGen       total 110080K, used 14239K [0x00000000a0000000, 0x00000000a6b80000, 0x00000000e0000000)
  object space 110080K, 12% used [0x00000000a0000000,0x00000000a0de7e78,0x00000000a6b80000)
 Metaspace       used 38435K, capacity 39046K, committed 39552K, reserved 1083392K
  class space    used 4816K, capacity 4957K, committed 4992K, reserved 1048576K
Event: 10.031 GC heap after
Heap after GC invocations=10 (full 3):
 PSYoungGen      total 72192K, used 11796K [0x00000000e0000000, 0x00000000e6c80000, 0x0000000100000000)
  eden space 56320K, 0% used [0x00000000e0000000,0x00000000e0000000,0x00000000e3700000)
  from space 15872K, 74% used [0x00000000e3700000,0x00000000e4285198,0x00000000e4680000)
  to   space 16896K, 0% used [0x00000000e5c00000,0x00000000e5c00000,0x00000000e6c80000)
 ParOldGen       total 110080K, used 14247K [0x00000000a0000000, 0x00000000a6b80000, 0x00000000e0000000)
  object space 110080K, 12% used [0x00000000a0000000,0x00000000a0de9e78,0x00000000a6b80000)
 Metaspace       used 38435K, capacity 39046K, committed 39552K, reserved 1083392K
  class space    used 4816K, capacity 4957K, committed 4992K, reserved 1048576K
}
Event: 11.814 GC heap before
{Heap before GC invocations=11 (full 3):
 PSYoungGen      total 72192K, used 68116K [0x00000000e0000000, 0x00000000e6c80000, 0x0000000100000000)
  eden space 56320K, 100% used [0x00000000e0000000,0x00000000e3700000,0x00000000e3700000)
  from space 15872K, 74% used [0x00000000e3700000,0x00000000e4285198,0x00000000e4680000)
  to   space 16896K, 0% used [0x00000000e5c00000,0x00000000e5c00000,0x00000000e6c80000)
 ParOldGen       total 110080K, used 14247K [0x00000000a0000000, 0x00000000a6b80000, 0x00000000e0000000)
  object space 110080K, 12% used [0x00000000a0000000,0x00000000a0de9e78,0x00000000a6b80000)
 Metaspace       used 43103K, capacity 43775K, committed 44288K, reserved 1087488K
  class space    used 5397K, capacity 5547K, committed 5632K, reserved 1048576K
Event: 11.845 GC heap after
Heap after GC invocations=11 (full 3):
 PSYoungGen      total 90112K, used 16874K [0x00000000e0000000, 0x00000000e7400000, 0x0000000100000000)
  eden space 73216K, 0% used [0x00000000e0000000,0x00000000e0000000,0x00000000e4780000)
  from space 16896K, 99% used [0x00000000e5c00000,0x00000000e6c7a950,0x00000000e6c80000)
  to   space 20992K, 0% used [0x00000000e4780000,0x00000000e4780000,0x00000000e5c00000)
 ParOldGen       total 110080K, used 17456K [0x00000000a0000000, 0x00000000a6b80000, 0x00000000e0000000)
  object space 110080K, 15% used [0x00000000a0000000,0x00000000a110c030,0x00000000a6b80000)
 Metaspace       used 43103K, capacity 43775K, committed 44288K, reserved 1087488K
  class space    used 5397K, capacity 5547K, committed 5632K, reserved 1048576K
}

